Test: Basic leave/join ...
006194 RAFT Server 0收到来自raft的msg: {Query {map[] [] 0 0 -1} 2677683262110028920 0}
006403 RAFT Server 0收到来自raft的msg: {Query {map[] [] 0 0 -1} 2677683262110028920 1}
006610 RAFT Server 0收到来自raft的msg: {Join {map[1:[x y z]] [] 0 0 0} 2677683262110028920 2}
006611 CONFIG 新的config为: {1 [1 1 1 1 1 1 1 1 1 1] map[1:[x y z]]}
006820 RAFT Server 0收到来自raft的msg: {Query {map[] [] 0 0 -1} 2677683262110028920 3}
007136 RAFT Server 0收到来自raft的msg: {Query {map[] [] 0 0 -1} 2677683262110028920 4}
007346 RAFT Server 0收到来自raft的msg: {Join {map[2:[a b c]] [] 0 0 0} 2677683262110028920 5}
007347 CONFIG 新的config为: {2 [2 2 2 2 2 1 1 1 1 1] map[1:[x y z] 2:[a b c]]}
007555 RAFT Server 0收到来自raft的msg: {Query {map[] [] 0 0 -1} 2677683262110028920 6}
007768 RAFT Server 0收到来自raft的msg: {Query {map[] [] 0 0 -1} 2677683262110028920 7}
007979 RAFT Server 0收到来自raft的msg: {Query {map[] [] 0 0 -1} 2677683262110028920 8}
008191 RAFT Server 0收到来自raft的msg: {Leave {map[] [1] 0 0 0} 2677683262110028920 9}
008191 CONFIG 新的config为: {3 [2 2 2 2 2 2 2 2 2 2] map[2:[a b c]]}
008403 RAFT Server 0收到来自raft的msg: {Query {map[] [] 0 0 -1} 2677683262110028920 10}
008716 RAFT Server 0收到来自raft的msg: {Query {map[] [] 0 0 -1} 2677683262110028920 11}
008928 RAFT Server 0收到来自raft的msg: {Leave {map[] [2] 0 0 0} 2677683262110028920 12}
008928 CONFIG 新的config为: {4 [0 0 0 0 0 0 0 0 0 0] map[]}
009147 RAFT Server 0收到来自raft的msg: {Query {map[] [] 0 0 -1} 2677683262110028920 13}
  ... Passed
Test: Historical queries ...
021815 RAFT Server 1收到来自raft的msg: {Query {map[] [] 0 0 -1} 2677683262110028920 13}
021816 RAFT Server 1收到来自raft的msg: {Query {map[] [] 0 0 0} 2677683262110028920 14}
022026 RAFT Server 1收到来自raft的msg: {Query {map[] [] 0 0 1} 2677683262110028920 15}
022239 RAFT Server 1收到来自raft的msg: {Query {map[] [] 0 0 2} 2677683262110028920 16}
022449 RAFT Server 1收到来自raft的msg: {Query {map[] [] 0 0 0} 2677683262110028920 17}
022773 RAFT Server 1收到来自raft的msg: {Query {map[] [] 0 0 3} 2677683262110028920 18}
022989 RAFT Server 1收到来自raft的msg: {Query {map[] [] 0 0 4} 2677683262110028920 19}
032889 RAFT Server 2收到来自raft的msg: {Query {map[] [] 0 0 4} 2677683262110028920 19}
032891 RAFT Server 2收到来自raft的msg: {Query {map[] [] 0 0 0} 2677683262110028920 20}
033101 RAFT Server 2收到来自raft的msg: {Query {map[] [] 0 0 1} 2677683262110028920 21}
033315 RAFT Server 2收到来自raft的msg: {Query {map[] [] 0 0 2} 2677683262110028920 22}
033529 RAFT Server 2收到来自raft的msg: {Query {map[] [] 0 0 0} 2677683262110028920 23}
033743 RAFT Server 2收到来自raft的msg: {Query {map[] [] 0 0 3} 2677683262110028920 24}
034059 RAFT Server 2收到来自raft的msg: {Query {map[] [] 0 0 4} 2677683262110028920 25}
048562 RAFT Server 0收到来自raft的msg: {Query {map[] [] 0 0 4} 2677683262110028920 25}
048563 RAFT Server 0收到来自raft的msg: {Query {map[] [] 0 0 0} 2677683262110028920 26}
048774 RAFT Server 0收到来自raft的msg: {Query {map[] [] 0 0 1} 2677683262110028920 27}
048986 RAFT Server 0收到来自raft的msg: {Query {map[] [] 0 0 2} 2677683262110028920 28}
049197 RAFT Server 0收到来自raft的msg: {Query {map[] [] 0 0 0} 2677683262110028920 29}
049401 RAFT Server 0收到来自raft的msg: {Query {map[] [] 0 0 3} 2677683262110028920 30}
049619 RAFT Server 0收到来自raft的msg: {Query {map[] [] 0 0 4} 2677683262110028920 31}
  ... Passed
Test: Move ...
049947 RAFT Server 0收到来自raft的msg: {Join {map[503:[3a 3b 3c]] [] 0 0 0} 2677683262110028920 32}
049951 CONFIG 新的config为: {5 [503 503 503 503 503 503 503 503 503 503] map[503:[3a 3b 3c]]}
050158 RAFT Server 0收到来自raft的msg: {Join {map[504:[4a 4b 4c]] [] 0 0 0} 2677683262110028920 33}
050159 CONFIG 新的config为: {6 [504 504 504 504 504 503 503 503 503 503] map[503:[3a 3b 3c] 504:[4a 4b 4c]]}
050375 RAFT Server 0收到来自raft的msg: {Query {map[] [] 0 0 -1} 2677683262110028920 34}
050582 RAFT Server 0收到来自raft的msg: {Move {map[] [] 0 503 0} 2677683262110028920 35}
050583 CONFIG 新的config为: {7 [503 504 504 504 504 503 503 503 503 503] map[503:[3a 3b 3c] 504:[4a 4b 4c]]}
050799 RAFT Server 0收到来自raft的msg: {Query {map[] [] 0 0 -1} 2677683262110028920 36}
051020 RAFT Server 0收到来自raft的msg: {Query {map[] [] 0 0 -1} 2677683262110028920 37}
051241 RAFT Server 0收到来自raft的msg: {Move {map[] [] 1 503 0} 2677683262110028920 38}
051243 CONFIG 新的config为: {8 [503 503 504 504 504 503 503 503 503 503] map[503:[3a 3b 3c] 504:[4a 4b 4c]]}
051450 RAFT Server 0收到来自raft的msg: {Query {map[] [] 0 0 -1} 2677683262110028920 39}
051765 RAFT Server 0收到来自raft的msg: {Query {map[] [] 0 0 -1} 2677683262110028920 40}
051980 RAFT Server 0收到来自raft的msg: {Move {map[] [] 2 503 0} 2677683262110028920 41}
051981 CONFIG 新的config为: {9 [503 503 503 504 504 503 503 503 503 503] map[503:[3a 3b 3c] 504:[4a 4b 4c]]}
052189 RAFT Server 0收到来自raft的msg: {Query {map[] [] 0 0 -1} 2677683262110028920 42}
052411 RAFT Server 0收到来自raft的msg: {Query {map[] [] 0 0 -1} 2677683262110028920 43}
052627 RAFT Server 0收到来自raft的msg: {Move {map[] [] 3 503 0} 2677683262110028920 44}
052628 CONFIG 新的config为: {10 [503 503 503 503 504 503 503 503 503 503] map[503:[3a 3b 3c] 504:[4a 4b 4c]]}
052842 RAFT Server 0收到来自raft的msg: {Query {map[] [] 0 0 -1} 2677683262110028920 45}
053053 RAFT Server 0收到来自raft的msg: {Query {map[] [] 0 0 -1} 2677683262110028920 46}
053263 RAFT Server 0收到来自raft的msg: {Move {map[] [] 4 503 0} 2677683262110028920 47}
053264 CONFIG 新的config为: {11 [503 503 503 503 503 503 503 503 503 503] map[503:[3a 3b 3c] 504:[4a 4b 4c]]}
053592 RAFT Server 0收到来自raft的msg: {Query {map[] [] 0 0 -1} 2677683262110028920 48}
053810 RAFT Server 0收到来自raft的msg: {Query {map[] [] 0 0 -1} 2677683262110028920 49}
054024 RAFT Server 0收到来自raft的msg: {Move {map[] [] 5 504 0} 2677683262110028920 50}
054025 CONFIG 新的config为: {12 [503 503 503 503 503 504 503 503 503 503] map[503:[3a 3b 3c] 504:[4a 4b 4c]]}
054235 RAFT Server 0收到来自raft的msg: {Query {map[] [] 0 0 -1} 2677683262110028920 51}
054452 RAFT Server 0收到来自raft的msg: {Query {map[] [] 0 0 -1} 2677683262110028920 52}
054665 RAFT Server 0收到来自raft的msg: {Move {map[] [] 6 504 0} 2677683262110028920 53}
054666 CONFIG 新的config为: {13 [503 503 503 503 503 504 504 503 503 503] map[503:[3a 3b 3c] 504:[4a 4b 4c]]}
054882 RAFT Server 0收到来自raft的msg: {Query {map[] [] 0 0 -1} 2677683262110028920 54}
055101 RAFT Server 0收到来自raft的msg: {Query {map[] [] 0 0 -1} 2677683262110028920 55}
055311 RAFT Server 0收到来自raft的msg: {Move {map[] [] 7 504 0} 2677683262110028920 56}
055313 CONFIG 新的config为: {14 [503 503 503 503 503 504 504 504 503 503] map[503:[3a 3b 3c] 504:[4a 4b 4c]]}
055632 RAFT Server 0收到来自raft的msg: {Query {map[] [] 0 0 -1} 2677683262110028920 57}
055845 RAFT Server 0收到来自raft的msg: {Query {map[] [] 0 0 -1} 2677683262110028920 58}
056062 RAFT Server 0收到来自raft的msg: {Move {map[] [] 8 504 0} 2677683262110028920 59}
056063 CONFIG 新的config为: {15 [503 503 503 503 503 504 504 504 504 503] map[503:[3a 3b 3c] 504:[4a 4b 4c]]}
056278 RAFT Server 0收到来自raft的msg: {Query {map[] [] 0 0 -1} 2677683262110028920 60}
056491 RAFT Server 0收到来自raft的msg: {Query {map[] [] 0 0 -1} 2677683262110028920 61}
056709 RAFT Server 0收到来自raft的msg: {Move {map[] [] 9 504 0} 2677683262110028920 62}
056710 CONFIG 新的config为: {16 [503 503 503 503 503 504 504 504 504 504] map[503:[3a 3b 3c] 504:[4a 4b 4c]]}
056931 RAFT Server 0收到来自raft的msg: {Query {map[] [] 0 0 -1} 2677683262110028920 63}
057150 RAFT Server 0收到来自raft的msg: {Query {map[] [] 0 0 -1} 2677683262110028920 64}
057363 RAFT Server 0收到来自raft的msg: {Leave {map[] [503] 0 0 0} 2677683262110028920 65}
057363 CONFIG 新的config为: {17 [504 504 504 504 504 504 504 504 504 504] map[504:[4a 4b 4c]]}
057679 RAFT Server 0收到来自raft的msg: {Leave {map[] [504] 0 0 0} 2677683262110028920 66}
057680 CONFIG 新的config为: {18 [0 0 0 0 0 0 0 0 0 0] map[]}
  ... Passed
Test: Concurrent leave/join ...
057886 RAFT Server 0收到来自raft的msg: {Join {map[1190:[s190a]] [] 0 0 0} 2180548418973644535 0}
057887 RAFT Server 0收到来自raft的msg: {Join {map[1140:[s140a]] [] 0 0 0} 2624479392227231789 0}
057887 CONFIG 新的config为: {20 [1140 1140 1140 1140 1140 1190 1190 1190 1190 1190] map[1140:[s140a] 1190:[s190a]]}
057888 RAFT Server 0收到来自raft的msg: {Join {map[1170:[s170a]] [] 0 0 0} 2832154470182057489 0}
057888 CONFIG 新的config为: {20 [1140 1140 1140 1140 1140 1190 1190 1190 1190 1190] map[1140:[s140a] 1190:[s190a]]}
057888 CONFIG 新的config为: {21 [1170 1140 1140 1140 1140 1170 1170 1190 1190 1190] map[1140:[s140a] 1170:[s170a] 1190:[s190a]]}
057888 RAFT Server 0收到来自raft的msg: {Join {map[1130:[s130a]] [] 0 0 0} 1240557983158602515 0}
057889 RAFT Server 0收到来自raft的msg: {Join {map[1100:[s100a]] [] 0 0 0} 2118967563838708226 0}
057889 CONFIG 新的config为: {22 [1170 1130 1140 1140 1140 1170 1170 1130 1190 1190] map[1130:[s130a] 1140:[s140a] 1170:[s170a] 1190:[s190a]]}
057890 RAFT Server 0收到来自raft的msg: {Join {map[1110:[s110a]] [] 0 0 0} 713085920238630243 0}
057890 RAFT Server 0收到来自raft的msg: {Join {map[1120:[s120a]] [] 0 0 0} 745074156391121231 0}
057890 CONFIG 新的config为: {25 [1100 1130 1100 1140 1140 1120 1170 1130 1110 1190] map[1100:[s100a] 1110:[s110a] 1120:[s120a] 1130:[s130a] 1140:[s140a] 1170:[s170a] 1190:[s190a]]}
057889 CONFIG 新的config为: {23 [1100 1130 1100 1140 1140 1170 1170 1130 1190 1190] map[1100:[s100a] 1130:[s130a] 1140:[s140a] 1170:[s170a] 1190:[s190a]]}
057893 CONFIG 新的config为: {25 [1100 1130 1100 1140 1140 1120 1170 1130 1110 1190] map[1100:[s100a] 1110:[s110a] 1120:[s120a] 1130:[s130a] 1140:[s140a] 1170:[s170a] 1190:[s190a]]}
057895 RAFT Server 0收到来自raft的msg: {Join {map[1180:[s180a]] [] 0 0 0} 1206889110096559910 0}
057896 RAFT Server 0收到来自raft的msg: {Join {map[1150:[s150a]] [] 0 0 0} 2603167413872985258 0}
057896 CONFIG 新的config为: {27 [1100 1150 1100 1180 1140 1120 1170 1130 1110 1190] map[1100:[s100a] 1110:[s110a] 1120:[s120a] 1130:[s130a] 1140:[s140a] 1150:[s150a] 1170:[s170a] 1180:[s180a] 1190:[s190a]]}
057897 RAFT Server 0收到来自raft的msg: {Join {map[1160:[s160a]] [] 0 0 0} 1323398765638103303 0}
057898 CONFIG 新的config为: {27 [1100 1150 1100 1180 1140 1120 1170 1130 1110 1190] map[1100:[s100a] 1110:[s110a] 1120:[s120a] 1130:[s130a] 1140:[s140a] 1150:[s150a] 1170:[s170a] 1180:[s180a] 1190:[s190a]]}
057898 CONFIG 新的config为: {28 [1160 1150 1100 1180 1140 1120 1170 1130 1110 1190] map[1100:[s100a] 1110:[s110a] 1120:[s120a] 1130:[s130a] 1140:[s140a] 1150:[s150a] 1160:[s160a] 1170:[s170a] 1180:[s180a] 1190:[s190a]]}
058109 RAFT Server 0收到来自raft的msg: {Join {map[190:[s190b]] [] 0 0 0} 2180548418973644535 1}
058110 RAFT Server 0收到来自raft的msg: {Join {map[170:[s170b]] [] 0 0 0} 2832154470182057489 1}
058110 CONFIG 新的config为: {30 [1160 1150 1100 1180 1140 1120 1170 1130 1110 1190] map[170:[s170b] 190:[s190b] 1100:[s100a] 1110:[s110a] 1120:[s120a] 1130:[s130a] 1140:[s140a] 1150:[s150a] 1160:[s160a] 1170:[s170a] 1180:[s180a] 1190:[s190a]]}
058110 CONFIG 新的config为: {30 [1160 1150 1100 1180 1140 1120 1170 1130 1110 1190] map[170:[s170b] 190:[s190b] 1100:[s100a] 1110:[s110a] 1120:[s120a] 1130:[s130a] 1140:[s140a] 1150:[s150a] 1160:[s160a] 1170:[s170a] 1180:[s180a] 1190:[s190a]]}
058111 RAFT Server 0收到来自raft的msg: {Join {map[130:[s130b]] [] 0 0 0} 1240557983158602515 1}
058111 RAFT Server 0收到来自raft的msg: {Join {map[140:[s140b]] [] 0 0 0} 2624479392227231789 1}
058113 CONFIG 新的config为: {32 [1160 1150 1100 1180 1140 1120 1170 1130 1110 1190] map[130:[s130b] 140:[s140b] 170:[s170b] 190:[s190b] 1100:[s100a] 1110:[s110a] 1120:[s120a] 1130:[s130a] 1140:[s140a] 1150:[s150a] 1160:[s160a] 1170:[s170a] 1180:[s180a] 1190:[s190a]]}
058113 CONFIG 新的config为: {32 [1160 1150 1100 1180 1140 1120 1170 1130 1110 1190] map[130:[s130b] 140:[s140b] 170:[s170b] 190:[s190b] 1100:[s100a] 1110:[s110a] 1120:[s120a] 1130:[s130a] 1140:[s140a] 1150:[s150a] 1160:[s160a] 1170:[s170a] 1180:[s180a] 1190:[s190a]]}
058115 RAFT Server 0收到来自raft的msg: {Join {map[120:[s120b]] [] 0 0 0} 745074156391121231 1}
058117 RAFT Server 0收到来自raft的msg: {Join {map[100:[s100b]] [] 0 0 0} 2118967563838708226 1}
058117 CONFIG 新的config为: {34 [1160 1150 1100 1180 1140 1120 1170 1130 1110 1190] map[100:[s100b] 120:[s120b] 130:[s130b] 140:[s140b] 170:[s170b] 190:[s190b] 1100:[s100a] 1110:[s110a] 1120:[s120a] 1130:[s130a] 1140:[s140a] 1150:[s150a] 1160:[s160a] 1170:[s170a] 1180:[s180a] 1190:[s190a]]}
058117 CONFIG 新的config为: {34 [1160 1150 1100 1180 1140 1120 1170 1130 1110 1190] map[100:[s100b] 120:[s120b] 130:[s130b] 140:[s140b] 170:[s170b] 190:[s190b] 1100:[s100a] 1110:[s110a] 1120:[s120a] 1130:[s130a] 1140:[s140a] 1150:[s150a] 1160:[s160a] 1170:[s170a] 1180:[s180a] 1190:[s190a]]}
058119 RAFT Server 0收到来自raft的msg: {Join {map[110:[s110b]] [] 0 0 0} 713085920238630243 1}
058120 RAFT Server 0收到来自raft的msg: {Join {map[150:[s150b]] [] 0 0 0} 2603167413872985258 1}
058121 CONFIG 新的config为: {36 [1160 1150 1100 1180 1140 1120 1170 1130 1110 1190] map[100:[s100b] 110:[s110b] 120:[s120b] 130:[s130b] 140:[s140b] 150:[s150b] 170:[s170b] 190:[s190b] 1100:[s100a] 1110:[s110a] 1120:[s120a] 1130:[s130a] 1140:[s140a] 1150:[s150a] 1160:[s160a] 1170:[s170a] 1180:[s180a] 1190:[s190a]]}
058121 CONFIG 新的config为: {36 [1160 1150 1100 1180 1140 1120 1170 1130 1110 1190] map[100:[s100b] 110:[s110b] 120:[s120b] 130:[s130b] 140:[s140b] 150:[s150b] 170:[s170b] 190:[s190b] 1100:[s100a] 1110:[s110a] 1120:[s120a] 1130:[s130a] 1140:[s140a] 1150:[s150a] 1160:[s160a] 1170:[s170a] 1180:[s180a] 1190:[s190a]]}
058122 RAFT Server 0收到来自raft的msg: {Join {map[180:[s180b]] [] 0 0 0} 1206889110096559910 1}
058124 RAFT Server 0收到来自raft的msg: {Join {map[160:[s160b]] [] 0 0 0} 1323398765638103303 1}
058124 CONFIG 新的config为: {37 [1160 1150 1100 1180 1140 1120 1170 1130 1110 1190] map[100:[s100b] 110:[s110b] 120:[s120b] 130:[s130b] 140:[s140b] 150:[s150b] 170:[s170b] 180:[s180b] 190:[s190b] 1100:[s100a] 1110:[s110a] 1120:[s120a] 1130:[s130a] 1140:[s140a] 1150:[s150a] 1160:[s160a] 1170:[s170a] 1180:[s180a] 1190:[s190a]]}
058124 CONFIG 新的config为: {38 [1160 1150 1100 1180 1140 1120 1170 1130 1110 1190] map[100:[s100b] 110:[s110b] 120:[s120b] 130:[s130b] 140:[s140b] 150:[s150b] 160:[s160b] 170:[s170b] 180:[s180b] 190:[s190b] 1100:[s100a] 1110:[s110a] 1120:[s120a] 1130:[s130a] 1140:[s140a] 1150:[s150a] 1160:[s160a] 1170:[s170a] 1180:[s180a] 1190:[s190a]]}
058336 RAFT Server 0收到来自raft的msg: {Leave {map[] [1170] 0 0 0} 2832154470182057489 2}
058337 RAFT Server 0收到来自raft的msg: {Leave {map[] [1140] 0 0 0} 2624479392227231789 2}
058337 CONFIG 新的config为: {40 [1160 1150 1100 1180 0 1120 100 1130 1110 1190] map[100:[s100b] 110:[s110b] 120:[s120b] 130:[s130b] 140:[s140b] 150:[s150b] 160:[s160b] 170:[s170b] 180:[s180b] 190:[s190b] 1100:[s100a] 1110:[s110a] 1120:[s120a] 1130:[s130a] 1150:[s150a] 1160:[s160a] 1180:[s180a] 1190:[s190a]]}
058338 RAFT Server 0收到来自raft的msg: {Leave {map[] [1130] 0 0 0} 1240557983158602515 2}
058338 RAFT Server 0收到来自raft的msg: {Leave {map[] [1190] 0 0 0} 2180548418973644535 2}
058337 CONFIG 新的config为: {40 [1160 1150 1100 1180 0 1120 100 1130 1110 1190] map[100:[s100b] 110:[s110b] 120:[s120b] 130:[s130b] 140:[s140b] 150:[s150b] 160:[s160b] 170:[s170b] 180:[s180b] 190:[s190b] 1100:[s100a] 1110:[s110a] 1120:[s120a] 1130:[s130a] 1150:[s150a] 1160:[s160a] 1180:[s180a] 1190:[s190a]]}
058338 RAFT Server 0收到来自raft的msg: {Leave {map[] [1120] 0 0 0} 745074156391121231 2}
058339 RAFT Server 0收到来自raft的msg: {Leave {map[] [1100] 0 0 0} 2118967563838708226 2}
058338 CONFIG 新的config为: {41 [1160 1150 1100 1180 0 1120 100 110 1110 1190] map[100:[s100b] 110:[s110b] 120:[s120b] 130:[s130b] 140:[s140b] 150:[s150b] 160:[s160b] 170:[s170b] 180:[s180b] 190:[s190b] 1100:[s100a] 1110:[s110a] 1120:[s120a] 1150:[s150a] 1160:[s160a] 1180:[s180a] 1190:[s190a]]}
058339 RAFT Server 0收到来自raft的msg: {Leave {map[] [1150] 0 0 0} 2603167413872985258 2}
058339 CONFIG 新的config为: {44 [1160 1150 0 1180 0 0 100 110 1110 120] map[100:[s100b] 110:[s110b] 120:[s120b] 130:[s130b] 140:[s140b] 150:[s150b] 160:[s160b] 170:[s170b] 180:[s180b] 190:[s190b] 1110:[s110a] 1150:[s150a] 1160:[s160a] 1180:[s180a]]}
058338 CONFIG 新的config为: {42 [1160 1150 1100 1180 0 1120 100 110 1110 0] map[100:[s100b] 110:[s110b] 120:[s120b] 130:[s130b] 140:[s140b] 150:[s150b] 160:[s160b] 170:[s170b] 180:[s180b] 190:[s190b] 1100:[s100a] 1110:[s110a] 1120:[s120a] 1150:[s150a] 1160:[s160a] 1180:[s180a]]}
058339 CONFIG 新的config为: {45 [1160 0 0 1180 0 130 100 110 1110 120] map[100:[s100b] 110:[s110b] 120:[s120b] 130:[s130b] 140:[s140b] 150:[s150b] 160:[s160b] 170:[s170b] 180:[s180b] 190:[s190b] 1110:[s110a] 1160:[s160a] 1180:[s180a]]}
058339 CONFIG 新的config为: {44 [1160 1150 0 1180 0 0 100 110 1110 120] map[100:[s100b] 110:[s110b] 120:[s120b] 130:[s130b] 140:[s140b] 150:[s150b] 160:[s160b] 170:[s170b] 180:[s180b] 190:[s190b] 1110:[s110a] 1150:[s150a] 1160:[s160a] 1180:[s180a]]}
058339 RAFT Server 0收到来自raft的msg: {Leave {map[] [1110] 0 0 0} 713085920238630243 2}
058340 RAFT Server 0收到来自raft的msg: {Leave {map[] [1160] 0 0 0} 1323398765638103303 2}
058340 RAFT Server 0收到来自raft的msg: {Leave {map[] [1180] 0 0 0} 1206889110096559910 2}
058340 CONFIG 新的config为: {46 [1160 0 0 1180 0 130 100 110 0 120] map[100:[s100b] 110:[s110b] 120:[s120b] 130:[s130b] 140:[s140b] 150:[s150b] 160:[s160b] 170:[s170b] 180:[s180b] 190:[s190b] 1160:[s160a] 1180:[s180a]]}
058340 CONFIG 新的config为: {48 [190 180 170 160 150 130 100 110 140 120] map[100:[s100b] 110:[s110b] 120:[s120b] 130:[s130b] 140:[s140b] 150:[s150b] 160:[s160b] 170:[s170b] 180:[s180b] 190:[s190b]]}
058340 CONFIG 新的config为: {47 [0 0 0 1180 0 130 100 110 140 120] map[100:[s100b] 110:[s110b] 120:[s120b] 130:[s130b] 140:[s140b] 150:[s150b] 160:[s160b] 170:[s170b] 180:[s180b] 190:[s190b] 1180:[s180a]]}
058548 RAFT Server 0收到来自raft的msg: {Query {map[] [] 0 0 -1} 2677683262110028920 67}
  ... Passed
Test: Minimal transfers after joins ...
058764 RAFT Server 0收到来自raft的msg: {Query {map[] [] 0 0 -1} 2677683262110028920 68}
058981 RAFT Server 0收到来自raft的msg: {Join {map[11:[11a 11b 11b]] [] 0 0 0} 2677683262110028920 69}
058982 CONFIG 新的config为: {49 [190 180 170 160 150 130 100 110 140 120] map[11:[11a 11b 11b] 100:[s100b] 110:[s110b] 120:[s120b] 130:[s130b] 140:[s140b] 150:[s150b] 160:[s160b] 170:[s170b] 180:[s180b] 190:[s190b]]}
059192 RAFT Server 0收到来自raft的msg: {Join {map[12:[12a 12b 12b]] [] 0 0 0} 2677683262110028920 70}
059194 CONFIG 新的config为: {50 [190 180 170 160 150 130 100 110 140 120] map[11:[11a 11b 11b] 12:[12a 12b 12b] 100:[s100b] 110:[s110b] 120:[s120b] 130:[s130b] 140:[s140b] 150:[s150b] 160:[s160b] 170:[s170b] 180:[s180b] 190:[s190b]]}
059498 RAFT Server 0收到来自raft的msg: {Join {map[13:[13a 13b 13b]] [] 0 0 0} 2677683262110028920 71}
059499 CONFIG 新的config为: {51 [190 180 170 160 150 130 100 110 140 120] map[11:[11a 11b 11b] 12:[12a 12b 12b] 13:[13a 13b 13b] 100:[s100b] 110:[s110b] 120:[s120b] 130:[s130b] 140:[s140b] 150:[s150b] 160:[s160b] 170:[s170b] 180:[s180b] 190:[s190b]]}
059716 RAFT Server 0收到来自raft的msg: {Join {map[14:[14a 14b 14b]] [] 0 0 0} 2677683262110028920 72}
059717 CONFIG 新的config为: {52 [190 180 170 160 150 130 100 110 140 120] map[11:[11a 11b 11b] 12:[12a 12b 12b] 13:[13a 13b 13b] 14:[14a 14b 14b] 100:[s100b] 110:[s110b] 120:[s120b] 130:[s130b] 140:[s140b] 150:[s150b] 160:[s160b] 170:[s170b] 180:[s180b] 190:[s190b]]}
059922 RAFT Server 0收到来自raft的msg: {Join {map[15:[15a 15b 15b]] [] 0 0 0} 2677683262110028920 73}
059923 CONFIG 新的config为: {53 [190 180 170 160 150 130 100 110 140 120] map[11:[11a 11b 11b] 12:[12a 12b 12b] 13:[13a 13b 13b] 14:[14a 14b 14b] 15:[15a 15b 15b] 100:[s100b] 110:[s110b] 120:[s120b] 130:[s130b] 140:[s140b] 150:[s150b] 160:[s160b] 170:[s170b] 180:[s180b] 190:[s190b]]}
060146 RAFT Server 0收到来自raft的msg: {Query {map[] [] 0 0 -1} 2677683262110028920 74}
  ... Passed
Test: Minimal transfers after leaves ...
060362 RAFT Server 0收到来自raft的msg: {Leave {map[] [11] 0 0 0} 2677683262110028920 75}
060363 CONFIG 新的config为: {54 [190 180 170 160 150 130 100 110 140 120] map[12:[12a 12b 12b] 13:[13a 13b 13b] 14:[14a 14b 14b] 15:[15a 15b 15b] 100:[s100b] 110:[s110b] 120:[s120b] 130:[s130b] 140:[s140b] 150:[s150b] 160:[s160b] 170:[s170b] 180:[s180b] 190:[s190b]]}
060580 RAFT Server 0收到来自raft的msg: {Leave {map[] [12] 0 0 0} 2677683262110028920 76}
060581 CONFIG 新的config为: {55 [190 180 170 160 150 130 100 110 140 120] map[13:[13a 13b 13b] 14:[14a 14b 14b] 15:[15a 15b 15b] 100:[s100b] 110:[s110b] 120:[s120b] 130:[s130b] 140:[s140b] 150:[s150b] 160:[s160b] 170:[s170b] 180:[s180b] 190:[s190b]]}
060796 RAFT Server 0收到来自raft的msg: {Leave {map[] [13] 0 0 0} 2677683262110028920 77}
060797 CONFIG 新的config为: {56 [190 180 170 160 150 130 100 110 140 120] map[14:[14a 14b 14b] 15:[15a 15b 15b] 100:[s100b] 110:[s110b] 120:[s120b] 130:[s130b] 140:[s140b] 150:[s150b] 160:[s160b] 170:[s170b] 180:[s180b] 190:[s190b]]}
061013 RAFT Server 0收到来自raft的msg: {Leave {map[] [14] 0 0 0} 2677683262110028920 78}
061014 CONFIG 新的config为: {57 [190 180 170 160 150 130 100 110 140 120] map[15:[15a 15b 15b] 100:[s100b] 110:[s110b] 120:[s120b] 130:[s130b] 140:[s140b] 150:[s150b] 160:[s160b] 170:[s170b] 180:[s180b] 190:[s190b]]}
061220 RAFT Server 0收到来自raft的msg: {Leave {map[] [15] 0 0 0} 2677683262110028920 79}
061221 CONFIG 新的config为: {58 [190 180 170 160 150 130 100 110 140 120] map[100:[s100b] 110:[s110b] 120:[s120b] 130:[s130b] 140:[s140b] 150:[s150b] 160:[s160b] 170:[s170b] 180:[s180b] 190:[s190b]]}
061545 RAFT Server 0收到来自raft的msg: {Query {map[] [] 0 0 -1} 2677683262110028920 80}
  ... Passed
Test: minimal movement again ...
067653 RAFT Server 2收到来自raft的msg: {Join {map[1:[x y z]] [] 0 0 0} 1712357378278853896 0}
067654 CONFIG 新的config为: {1 [1 1 1 1 1 1 1 1 1 1] map[1:[x y z]]}
067965 RAFT Server 2收到来自raft的msg: {Join {map[2:[a b c]] [] 0 0 0} 1712357378278853896 1}
067966 CONFIG 新的config为: {2 [2 2 2 2 2 1 1 1 1 1] map[1:[x y z] 2:[a b c]]}
068180 RAFT Server 2收到来自raft的msg: {Query {map[] [] 0 0 -1} 1712357378278853896 2}
068392 RAFT Server 2收到来自raft的msg: {Join {map[3:[d e f]] [] 0 0 0} 1712357378278853896 3}
068393 CONFIG 新的config为: {3 [3 2 2 2 2 3 3 1 1 1] map[1:[x y z] 2:[a b c] 3:[d e f]]}
068606 RAFT Server 2收到来自raft的msg: {Query {map[] [] 0 0 -1} 1712357378278853896 4}
068824 RAFT Server 2收到来自raft的msg: {Leave {map[] [1] 0 0 0} 1712357378278853896 5}
068824 CONFIG 新的config为: {4 [3 2 2 2 2 3 3 3 3 2] map[2:[a b c] 3:[d e f]]}
069043 RAFT Server 2收到来自raft的msg: {Query {map[] [] 0 0 -1} 1712357378278853896 6}
  ... Passed
Test: Multi-group join/leave ...
075163 RAFT Server 1收到来自raft的msg: {Query {map[] [] 0 0 -1} 555061864141344393 0}
075471 RAFT Server 1收到来自raft的msg: {Query {map[] [] 0 0 -1} 555061864141344393 1}
075680 RAFT Server 1收到来自raft的msg: {Join {map[1:[x y z] 2:[a b c]] [] 0 0 0} 555061864141344393 2}
075681 CONFIG 新的config为: {1 [2 2 2 2 2 1 1 1 1 1] map[1:[x y z] 2:[a b c]]}
075891 RAFT Server 1收到来自raft的msg: {Query {map[] [] 0 0 -1} 555061864141344393 3}
076102 RAFT Server 1收到来自raft的msg: {Query {map[] [] 0 0 -1} 555061864141344393 4}
076320 RAFT Server 1收到来自raft的msg: {Join {map[3:[j k l]] [] 0 0 0} 555061864141344393 5}
076321 CONFIG 新的config为: {2 [3 2 2 2 2 3 3 1 1 1] map[1:[x y z] 2:[a b c] 3:[j k l]]}
076533 RAFT Server 1收到来自raft的msg: {Query {map[] [] 0 0 -1} 555061864141344393 6}
076848 RAFT Server 1收到来自raft的msg: {Query {map[] [] 0 0 -1} 555061864141344393 7}
077062 RAFT Server 1收到来自raft的msg: {Query {map[] [] 0 0 -1} 555061864141344393 8}
077275 RAFT Server 1收到来自raft的msg: {Leave {map[] [1 3] 0 0 0} 555061864141344393 9}
077276 CONFIG 新的config为: {3 [2 2 2 2 2 2 2 2 2 2] map[2:[a b c]]}
077488 RAFT Server 1收到来自raft的msg: {Query {map[] [] 0 0 -1} 555061864141344393 10}
077697 RAFT Server 1收到来自raft的msg: {Query {map[] [] 0 0 -1} 555061864141344393 11}
077905 RAFT Server 1收到来自raft的msg: {Query {map[] [] 0 0 -1} 555061864141344393 12}
078118 RAFT Server 1收到来自raft的msg: {Leave {map[] [2] 0 0 0} 555061864141344393 13}
078119 CONFIG 新的config为: {4 [0 0 0 0 0 0 0 0 0 0] map[]}
  ... Passed
Test: Concurrent multi leave/join ...
078443 RAFT Server 1收到来自raft的msg: {Join {map[1009:[1009a 1009b 1009c] 2009:[2009a] 3009:[3009a]] [] 0 0 0} 641663978670959325 0}
078444 RAFT Server 1收到来自raft的msg: {Join {map[1001:[1001a 1001b 1001c] 2001:[2001a] 3001:[3001a]] [] 0 0 0} 3773215357315428846 0}
078444 CONFIG 新的config为: {6 [3001 3009 3009 2001 2009 2009 1001 1001 1009 1009] map[1001:[1001a 1001b 1001c] 1009:[1009a 1009b 1009c] 2001:[2001a] 2009:[2009a] 3001:[3001a] 3009:[3009a]]}
078444 CONFIG 新的config为: {6 [3001 3009 3009 2001 2009 2009 1001 1001 1009 1009] map[1001:[1001a 1001b 1001c] 1009:[1009a 1009b 1009c] 2001:[2001a] 2009:[2009a] 3001:[3001a] 3009:[3009a]]}
078444 RAFT Server 1收到来自raft的msg: {Join {map[1000:[1000a 1000b 1000c] 2000:[2000a] 3000:[3000a]] [] 0 0 0} 720260952248505790 0}
078445 RAFT Server 1收到来自raft的msg: {Join {map[1005:[1005a 1005b 1005c] 2005:[2005a] 3005:[3005a]] [] 0 0 0} 595210810052645272 0}
078445 CONFIG 新的config为: {7 [3001 3009 3009 2001 3000 2009 2000 1001 1000 1009] map[1000:[1000a 1000b 1000c] 1001:[1001a 1001b 1001c] 1009:[1009a 1009b 1009c] 2000:[2000a] 2001:[2001a] 2009:[2009a] 3000:[3000a] 3001:[3001a] 3009:[3009a]]}
078446 RAFT Server 1收到来自raft的msg: {Join {map[1006:[1006a 1006b 1006c] 2006:[2006a] 3006:[3006a]] [] 0 0 0} 1565981099441765534 0}
078447 RAFT Server 1收到来自raft的msg: {Join {map[1004:[1004a 1004b 1004c] 2004:[2004a] 3004:[3004a]] [] 0 0 0} 1492679316741415648 0}
078447 CONFIG 新的config为: {10 [3001 0 3009 2001 3000 2009 2000 1001 1000 1009] map[1000:[1000a 1000b 1000c] 1001:[1001a 1001b 1001c] 1004:[1004a 1004b 1004c] 1005:[1005a 1005b 1005c] 1006:[1006a 1006b 1006c] 1009:[1009a 1009b 1009c] 2000:[2000a] 2001:[2001a] 2004:[2004a] 2005:[2005a] 2006:[2006a] 2009:[2009a] 3000:[3000a] 3001:[3001a] 3004:[3004a] 3005:[3005a] 3006:[3006a] 3009:[3009a]]}
078448 RAFT Server 1收到来自raft的msg: {Join {map[1002:[1002a 1002b 1002c] 2002:[2002a] 3002:[3002a]] [] 0 0 0} 2832637448379186610 0}
078448 CONFIG 新的config为: {10 [3001 0 3009 2001 3000 2009 2000 1001 1000 1009] map[1000:[1000a 1000b 1000c] 1001:[1001a 1001b 1001c] 1004:[1004a 1004b 1004c] 1005:[1005a 1005b 1005c] 1006:[1006a 1006b 1006c] 1009:[1009a 1009b 1009c] 2000:[2000a] 2001:[2001a] 2004:[2004a] 2005:[2005a] 2006:[2006a] 2009:[2009a] 3000:[3000a] 3001:[3001a] 3004:[3004a] 3005:[3005a] 3006:[3006a] 3009:[3009a]]}
078449 RAFT Server 1收到来自raft的msg: {Join {map[1007:[1007a 1007b 1007c] 2007:[2007a] 3007:[3007a]] [] 0 0 0} 3892245293492612977 0}
078449 CONFIG 新的config为: {12 [3001 0 3009 2001 3000 2009 2000 1001 1000 1009] map[1000:[1000a 1000b 1000c] 1001:[1001a 1001b 1001c] 1002:[1002a 1002b 1002c] 1004:[1004a 1004b 1004c] 1005:[1005a 1005b 1005c] 1006:[1006a 1006b 1006c] 1007:[1007a 1007b 1007c] 1009:[1009a 1009b 1009c] 2000:[2000a] 2001:[2001a] 2002:[2002a] 2004:[2004a] 2005:[2005a] 2006:[2006a] 2007:[2007a] 2009:[2009a] 3000:[3000a] 3001:[3001a] 3002:[3002a] 3004:[3004a] 3005:[3005a] 3006:[3006a] 3007:[3007a] 3009:[3009a]]}
078448 CONFIG 新的config为: {10 [3001 0 3009 2001 3000 2009 2000 1001 1000 1009] map[1000:[1000a 1000b 1000c] 1001:[1001a 1001b 1001c] 1004:[1004a 1004b 1004c] 1005:[1005a 1005b 1005c] 1006:[1006a 1006b 1006c] 1009:[1009a 1009b 1009c] 2000:[2000a] 2001:[2001a] 2004:[2004a] 2005:[2005a] 2006:[2006a] 2009:[2009a] 3000:[3000a] 3001:[3001a] 3004:[3004a] 3005:[3005a] 3006:[3006a] 3009:[3009a]]}
078450 RAFT Server 1收到来自raft的msg: {Join {map[1008:[1008a 1008b 1008c] 2008:[2008a] 3008:[3008a]] [] 0 0 0} 2000791046997604243 0}
078450 CONFIG 新的config为: {12 [3001 0 3009 2001 3000 2009 2000 1001 1000 1009] map[1000:[1000a 1000b 1000c] 1001:[1001a 1001b 1001c] 1002:[1002a 1002b 1002c] 1004:[1004a 1004b 1004c] 1005:[1005a 1005b 1005c] 1006:[1006a 1006b 1006c] 1007:[1007a 1007b 1007c] 1009:[1009a 1009b 1009c] 2000:[2000a] 2001:[2001a] 2002:[2002a] 2004:[2004a] 2005:[2005a] 2006:[2006a] 2007:[2007a] 2009:[2009a] 3000:[3000a] 3001:[3001a] 3002:[3002a] 3004:[3004a] 3005:[3005a] 3006:[3006a] 3007:[3007a] 3009:[3009a]]}
078451 RAFT Server 1收到来自raft的msg: {Join {map[1003:[1003a 1003b 1003c] 2003:[2003a] 3003:[3003a]] [] 0 0 0} 2722279337247100619 0}
078451 CONFIG 新的config为: {14 [3001 0 3009 2001 3000 2009 2000 1001 1000 1009] map[1000:[1000a 1000b 1000c] 1001:[1001a 1001b 1001c] 1002:[1002a 1002b 1002c] 1003:[1003a 1003b 1003c] 1004:[1004a 1004b 1004c] 1005:[1005a 1005b 1005c] 1006:[1006a 1006b 1006c] 1007:[1007a 1007b 1007c] 1008:[1008a 1008b 1008c] 1009:[1009a 1009b 1009c] 2000:[2000a] 2001:[2001a] 2002:[2002a] 2003:[2003a] 2004:[2004a] 2005:[2005a] 2006:[2006a] 2007:[2007a] 2008:[2008a] 2009:[2009a] 3000:[3000a] 3001:[3001a] 3002:[3002a] 3003:[3003a] 3004:[3004a] 3005:[3005a] 3006:[3006a] 3007:[3007a] 3008:[3008a] 3009:[3009a]]}
078451 CONFIG 新的config为: {14 [3001 0 3009 2001 3000 2009 2000 1001 1000 1009] map[1000:[1000a 1000b 1000c] 1001:[1001a 1001b 1001c] 1002:[1002a 1002b 1002c] 1003:[1003a 1003b 1003c] 1004:[1004a 1004b 1004c] 1005:[1005a 1005b 1005c] 1006:[1006a 1006b 1006c] 1007:[1007a 1007b 1007c] 1008:[1008a 1008b 1008c] 1009:[1009a 1009b 1009c] 2000:[2000a] 2001:[2001a] 2002:[2002a] 2003:[2003a] 2004:[2004a] 2005:[2005a] 2006:[2006a] 2007:[2007a] 2008:[2008a] 2009:[2009a] 3000:[3000a] 3001:[3001a] 3002:[3002a] 3003:[3003a] 3004:[3004a] 3005:[3005a] 3006:[3006a] 3007:[3007a] 3008:[3008a] 3009:[3009a]]}
078666 RAFT Server 1收到来自raft的msg: {Leave {map[] [2001 3001] 0 0 0} 3773215357315428846 1}
078667 RAFT Server 1收到来自raft的msg: {Leave {map[] [2009 3009] 0 0 0} 641663978670959325 1}
078667 CONFIG 新的config为: {16 [0 0 0 1002 3000 1003 2000 1001 1000 1009] map[1000:[1000a 1000b 1000c] 1001:[1001a 1001b 1001c] 1002:[1002a 1002b 1002c] 1003:[1003a 1003b 1003c] 1004:[1004a 1004b 1004c] 1005:[1005a 1005b 1005c] 1006:[1006a 1006b 1006c] 1007:[1007a 1007b 1007c] 1008:[1008a 1008b 1008c] 1009:[1009a 1009b 1009c] 2000:[2000a] 2002:[2002a] 2003:[2003a] 2004:[2004a] 2005:[2005a] 2006:[2006a] 2007:[2007a] 2008:[2008a] 3000:[3000a] 3002:[3002a] 3003:[3003a] 3004:[3004a] 3005:[3005a] 3006:[3006a] 3007:[3007a] 3008:[3008a]]}
078668 CONFIG 新的config为: {16 [0 0 0 1002 3000 1003 2000 1001 1000 1009] map[1000:[1000a 1000b 1000c] 1001:[1001a 1001b 1001c] 1002:[1002a 1002b 1002c] 1003:[1003a 1003b 1003c] 1004:[1004a 1004b 1004c] 1005:[1005a 1005b 1005c] 1006:[1006a 1006b 1006c] 1007:[1007a 1007b 1007c] 1008:[1008a 1008b 1008c] 1009:[1009a 1009b 1009c] 2000:[2000a] 2002:[2002a] 2003:[2003a] 2004:[2004a] 2005:[2005a] 2006:[2006a] 2007:[2007a] 2008:[2008a] 3000:[3000a] 3002:[3002a] 3003:[3003a] 3004:[3004a] 3005:[3005a] 3006:[3006a] 3007:[3007a] 3008:[3008a]]}
078668 RAFT Server 1收到来自raft的msg: {Leave {map[] [2000 3000] 0 0 0} 720260952248505790 1}
078669 RAFT Server 1收到来自raft的msg: {Leave {map[] [2004 3004] 0 0 0} 1492679316741415648 1}
078670 CONFIG 新的config为: {18 [0 0 0 1002 0 1003 1004 1001 1000 1009] map[1000:[1000a 1000b 1000c] 1001:[1001a 1001b 1001c] 1002:[1002a 1002b 1002c] 1003:[1003a 1003b 1003c] 1004:[1004a 1004b 1004c] 1005:[1005a 1005b 1005c] 1006:[1006a 1006b 1006c] 1007:[1007a 1007b 1007c] 1008:[1008a 1008b 1008c] 1009:[1009a 1009b 1009c] 2002:[2002a] 2003:[2003a] 2005:[2005a] 2006:[2006a] 2007:[2007a] 2008:[2008a] 3002:[3002a] 3003:[3003a] 3005:[3005a] 3006:[3006a] 3007:[3007a] 3008:[3008a]]}
078670 RAFT Server 1收到来自raft的msg: {Leave {map[] [2005 3005] 0 0 0} 595210810052645272 1}
078670 CONFIG 新的config为: {18 [0 0 0 1002 0 1003 1004 1001 1000 1009] map[1000:[1000a 1000b 1000c] 1001:[1001a 1001b 1001c] 1002:[1002a 1002b 1002c] 1003:[1003a 1003b 1003c] 1004:[1004a 1004b 1004c] 1005:[1005a 1005b 1005c] 1006:[1006a 1006b 1006c] 1007:[1007a 1007b 1007c] 1008:[1008a 1008b 1008c] 1009:[1009a 1009b 1009c] 2002:[2002a] 2003:[2003a] 2005:[2005a] 2006:[2006a] 2007:[2007a] 2008:[2008a] 3002:[3002a] 3003:[3003a] 3005:[3005a] 3006:[3006a] 3007:[3007a] 3008:[3008a]]}
078671 CONFIG 新的config为: {19 [0 0 0 1002 0 1003 1004 1001 1000 1009] map[1000:[1000a 1000b 1000c] 1001:[1001a 1001b 1001c] 1002:[1002a 1002b 1002c] 1003:[1003a 1003b 1003c] 1004:[1004a 1004b 1004c] 1005:[1005a 1005b 1005c] 1006:[1006a 1006b 1006c] 1007:[1007a 1007b 1007c] 1008:[1008a 1008b 1008c] 1009:[1009a 1009b 1009c] 2002:[2002a] 2003:[2003a] 2006:[2006a] 2007:[2007a] 2008:[2008a] 3002:[3002a] 3003:[3003a] 3006:[3006a] 3007:[3007a] 3008:[3008a]]}
078670 RAFT Server 1收到来自raft的msg: {Leave {map[] [2007 3007] 0 0 0} 3892245293492612977 1}
078671 RAFT Server 1收到来自raft的msg: {Leave {map[] [2002 3002] 0 0 0} 2832637448379186610 1}
078671 RAFT Server 1收到来自raft的msg: {Leave {map[] [2006 3006] 0 0 0} 1565981099441765534 1}
078671 CONFIG 新的config为: {21 [0 0 0 1002 0 1003 1004 1001 1000 1009] map[1000:[1000a 1000b 1000c] 1001:[1001a 1001b 1001c] 1002:[1002a 1002b 1002c] 1003:[1003a 1003b 1003c] 1004:[1004a 1004b 1004c] 1005:[1005a 1005b 1005c] 1006:[1006a 1006b 1006c] 1007:[1007a 1007b 1007c] 1008:[1008a 1008b 1008c] 1009:[1009a 1009b 1009c] 2003:[2003a] 2006:[2006a] 2008:[2008a] 3003:[3003a] 3006:[3006a] 3008:[3008a]]}
078672 RAFT Server 1收到来自raft的msg: {Leave {map[] [2003 3003] 0 0 0} 2722279337247100619 1}
078671 CONFIG 新的config为: {20 [0 0 0 1002 0 1003 1004 1001 1000 1009] map[1000:[1000a 1000b 1000c] 1001:[1001a 1001b 1001c] 1002:[1002a 1002b 1002c] 1003:[1003a 1003b 1003c] 1004:[1004a 1004b 1004c] 1005:[1005a 1005b 1005c] 1006:[1006a 1006b 1006c] 1007:[1007a 1007b 1007c] 1008:[1008a 1008b 1008c] 1009:[1009a 1009b 1009c] 2002:[2002a] 2003:[2003a] 2006:[2006a] 2008:[2008a] 3002:[3002a] 3003:[3003a] 3006:[3006a] 3008:[3008a]]}
078672 CONFIG 新的config为: {23 [0 0 0 1002 0 1003 1004 1001 1000 1009] map[1000:[1000a 1000b 1000c] 1001:[1001a 1001b 1001c] 1002:[1002a 1002b 1002c] 1003:[1003a 1003b 1003c] 1004:[1004a 1004b 1004c] 1005:[1005a 1005b 1005c] 1006:[1006a 1006b 1006c] 1007:[1007a 1007b 1007c] 1008:[1008a 1008b 1008c] 1009:[1009a 1009b 1009c] 2008:[2008a] 3008:[3008a]]}
078672 CONFIG 新的config为: {23 [0 0 0 1002 0 1003 1004 1001 1000 1009] map[1000:[1000a 1000b 1000c] 1001:[1001a 1001b 1001c] 1002:[1002a 1002b 1002c] 1003:[1003a 1003b 1003c] 1004:[1004a 1004b 1004c] 1005:[1005a 1005b 1005c] 1006:[1006a 1006b 1006c] 1007:[1007a 1007b 1007c] 1008:[1008a 1008b 1008c] 1009:[1009a 1009b 1009c] 2008:[2008a] 3008:[3008a]]}
078673 RAFT Server 1收到来自raft的msg: {Leave {map[] [2008 3008] 0 0 0} 2000791046997604243 1}
078673 CONFIG 新的config为: {24 [1008 1007 1006 1002 1005 1003 1004 1001 1000 1009] map[1000:[1000a 1000b 1000c] 1001:[1001a 1001b 1001c] 1002:[1002a 1002b 1002c] 1003:[1003a 1003b 1003c] 1004:[1004a 1004b 1004c] 1005:[1005a 1005b 1005c] 1006:[1006a 1006b 1006c] 1007:[1007a 1007b 1007c] 1008:[1008a 1008b 1008c] 1009:[1009a 1009b 1009c]]}
078892 RAFT Server 1收到来自raft的msg: {Query {map[] [] 0 0 -1} 555061864141344393 14}
  ... Passed
Test: Minimal transfers after multijoins ...
079107 RAFT Server 1收到来自raft的msg: {Query {map[] [] 0 0 -1} 555061864141344393 15}
079322 RAFT Server 1收到来自raft的msg: {Join {map[11:[11a 11b] 12:[12a 12b] 13:[13a 13b] 14:[14a 14b] 15:[15a 15b]] [] 0 0 0} 555061864141344393 16}
079323 CONFIG 新的config为: {25 [1008 1007 1006 1002 1005 1003 1004 1001 1000 1009] map[11:[11a 11b] 12:[12a 12b] 13:[13a 13b] 14:[14a 14b] 15:[15a 15b] 1000:[1000a 1000b 1000c] 1001:[1001a 1001b 1001c] 1002:[1002a 1002b 1002c] 1003:[1003a 1003b 1003c] 1004:[1004a 1004b 1004c] 1005:[1005a 1005b 1005c] 1006:[1006a 1006b 1006c] 1007:[1007a 1007b 1007c] 1008:[1008a 1008b 1008c] 1009:[1009a 1009b 1009c]]}
079536 RAFT Server 1收到来自raft的msg: {Query {map[] [] 0 0 -1} 555061864141344393 17}
  ... Passed
Test: Minimal transfers after multileaves ...
079751 RAFT Server 1收到来自raft的msg: {Leave {map[] [11 12 13 14 15] 0 0 0} 555061864141344393 18}
079752 CONFIG 新的config为: {26 [1008 1007 1006 1002 1005 1003 1004 1001 1000 1009] map[1000:[1000a 1000b 1000c] 1001:[1001a 1001b 1001c] 1002:[1002a 1002b 1002c] 1003:[1003a 1003b 1003c] 1004:[1004a 1004b 1004c] 1005:[1005a 1005b 1005c] 1006:[1006a 1006b 1006c] 1007:[1007a 1007b 1007c] 1008:[1008a 1008b 1008c] 1009:[1009a 1009b 1009c]]}
079969 RAFT Server 1收到来自raft的msg: {Query {map[] [] 0 0 -1} 555061864141344393 19}
  ... Passed
Test: Check Same config on servers ...
080177 RAFT Server 1收到来自raft的msg: {Query {map[] [] 0 0 -1} 555061864141344393 20}
089729 RAFT Server 2收到来自raft的msg: {Query {map[] [] 0 0 -1} 555061864141344393 20}
089730 RAFT Server 2收到来自raft的msg: {Query {map[] [] 0 0 -1} 555061864141344393 21}
  ... Passed
PASS
ok  	6.5840/shardctrler	8.975s
