Test: one client (4A) ...
  ... Passed --  15.1  5 13821 1373
Test: ops complete fast enough (4A) ...
  ... Passed --  10.9  3  8693    0
Test: many clients (4A) ...
  ... Passed --  15.3  5 23415 1415
Test: unreliable net, many clients (4A) ...
  ... Passed --  15.8  5  9067 1183
Test: concurrent append to same key, unreliable (4A) ...
  ... Passed --   1.3  3   276   52
Test: progress in majority (4A) ...
  ... Passed --   0.8  5   115    2
Test: no progress in minority (4A) ...
  ... Passed --   1.0  5   189    3
Test: completion after heal (4A) ...
  ... Passed --   1.0  5   105    3
Test: partitions, one client (4A) ...
  ... Passed --  22.8  5 11853  743
Test: partitions, many clients (4A) ...
  ... Passed --  23.3  5 29689  894
Test: restarts, one client (4A) ...
  ... Passed --  47.6  5 28663 1183
Test: restarts, many clients (4A) ...
  ... Passed --  52.6  5 76917 1408
Test: unreliable net, restarts, many clients (4A) ...
  ... Passed --  49.9  5 13597 1178
Test: restarts, partitions, many clients (4A) ...
  ... Passed --  50.9  5 71126 1126
Test: unreliable net, restarts, partitions, many clients (4A) ...
  ... Passed --  41.8  5  8975  573
Test: unreliable net, restarts, partitions, random keys, many clients (4A) ...
  ... Passed --  52.1  7 22920  894
PASS
ok  	6.5840/kvraft	403.101s
