Test: InstallSnapshot RPC (4B) ...
  ... Passed --   4.6  3  5522   63
Test: snapshot size is reasonable (4B) ...
  ... Passed --  11.7  3  8198  800
Test: ops complete fast enough (4B) ...
  ... Passed --  15.4  3 10126    0
Test: restarts, snapshots, one client (4B) ...
  ... Passed --  21.2  5 30514  940
Test: restarts, snapshots, many clients (4B) ...
  ... Passed --  23.7  5 84759 1484
Test: unreliable net, snapshots, many clients (4B) ...
  ... Passed --  15.9  5  9102 1151
Test: unreliable net, restarts, snapshots, many clients (4B) ...
  ... Passed --  22.5  5  9892 1056
Test: unreliable net, restarts, partitions, snapshots, many clients (4B) ...
  ... Passed --  30.0  5  7554  697
Test: unreliable net, restarts, partitions, snapshots, random keys, many clients (4B) ...
  ... Passed --  31.0  7 14519  715
PASS
ok  	6.5840/kvraft	175.990s
